2024-11-27T12:55:16.964+09:00  INFO 32100 --- [insurance-service] [main] c.e.i.InsuranceserviceApplication        : Starting InsuranceserviceApplication using Java 17.0.6 with PID 32100 (C:\Users\User\Desktop\Git\distributed-programming2-insurance-service\build\classes\java\main started by User in C:\Users\User\Desktop\Git\distributed-programming2-insurance-service)
2024-11-27T12:55:16.968+09:00  INFO 32100 --- [insurance-service] [main] c.e.i.InsuranceserviceApplication        : No active profile set, falling back to 1 default profile: "default"
2024-11-27T12:55:18.662+09:00  INFO 32100 --- [insurance-service] [main] .s.d.r.c.RepositoryConfigurationDelegate : Bootstrapping Spring Data JPA repositories in DEFAULT mode.
2024-11-27T12:55:19.263+09:00  INFO 32100 --- [insurance-service] [main] .s.d.r.c.RepositoryConfigurationDelegate : Finished Spring Data repository scanning in 593 ms. Found 17 JPA repository interfaces.
2024-11-27T12:55:19.924+09:00  INFO 32100 --- [insurance-service] [main] o.s.b.w.embedded.tomcat.TomcatWebServer  : Tomcat initialized with port 8080 (http)
2024-11-27T12:55:19.938+09:00  INFO 32100 --- [insurance-service] [main] o.apache.catalina.core.StandardService   : Starting service [Tomcat]
2024-11-27T12:55:19.938+09:00  INFO 32100 --- [insurance-service] [main] o.apache.catalina.core.StandardEngine    : Starting Servlet engine: [Apache Tomcat/10.1.31]
2024-11-27T12:55:20.015+09:00  INFO 32100 --- [insurance-service] [main] o.a.c.c.C.[Tomcat].[localhost].[/]       : Initializing Spring embedded WebApplicationContext
2024-11-27T12:55:20.016+09:00  INFO 32100 --- [insurance-service] [main] w.s.c.ServletWebServerApplicationContext : Root WebApplicationContext: initialization completed in 2992 ms
2024-11-27T12:55:20.392+09:00  INFO 32100 --- [insurance-service] [main] o.hibernate.jpa.internal.util.LogHelper  : HHH000204: Processing PersistenceUnitInfo [name: default]
2024-11-27T12:55:20.467+09:00  INFO 32100 --- [insurance-service] [main] org.hibernate.Version                    : HHH000412: Hibernate ORM core version 6.5.3.Final
2024-11-27T12:55:20.508+09:00  INFO 32100 --- [insurance-service] [main] o.h.c.internal.RegionFactoryInitiator    : HHH000026: Second-level cache disabled
2024-11-27T12:55:20.904+09:00  INFO 32100 --- [insurance-service] [main] o.s.o.j.p.SpringPersistenceUnitInfo      : No LoadTimeWeaver setup: ignoring JPA class transformer
2024-11-27T12:55:20.940+09:00  INFO 32100 --- [insurance-service] [main] com.zaxxer.hikari.HikariDataSource       : HikariPool-1 - Starting...
2024-11-27T12:55:21.414+09:00  INFO 32100 --- [insurance-service] [main] com.zaxxer.hikari.pool.HikariPool        : HikariPool-1 - Added connection com.mysql.cj.jdbc.ConnectionImpl@2dde0a34
2024-11-27T12:55:21.417+09:00  INFO 32100 --- [insurance-service] [main] com.zaxxer.hikari.HikariDataSource       : HikariPool-1 - Start completed.
2024-11-27T12:55:21.481+09:00  WARN 32100 --- [insurance-service] [main] org.hibernate.orm.deprecation            : HHH90000025: MySQL8Dialect does not need to be specified explicitly using 'hibernate.dialect' (remove the property setting and it will be selected by default)
2024-11-27T12:55:21.483+09:00  WARN 32100 --- [insurance-service] [main] org.hibernate.orm.deprecation            : HHH90000026: MySQL8Dialect has been deprecated; use org.hibernate.dialect.MySQLDialect instead
2024-11-27T12:55:23.129+09:00  INFO 32100 --- [insurance-service] [main] o.h.e.t.j.p.i.JtaPlatformInitiator       : HHH000489: No JTA platform available (set 'hibernate.transaction.jta.platform' to enable JTA platform integration)
2024-11-27T12:55:23.739+09:00  INFO 32100 --- [insurance-service] [main] j.LocalContainerEntityManagerFactoryBean : Initialized JPA EntityManagerFactory for persistence unit 'default'
2024-11-27T12:55:24.476+09:00  WARN 32100 --- [insurance-service] [main] JpaBaseConfiguration$JpaWebConfiguration : spring.jpa.open-in-view is enabled by default. Therefore, database queries may be performed during view rendering. Explicitly configure spring.jpa.open-in-view to disable this warning
2024-11-27T12:55:24.499+09:00  INFO 32100 --- [insurance-service] [main] r$InitializeUserDetailsManagerConfigurer : Global AuthenticationManager configured with UserDetailsService bean with name customUserDetailsService
2024-11-27T12:55:25.356+09:00  WARN 32100 --- [insurance-service] [main] ion$DefaultTemplateResolverConfiguration : Cannot find template location: classpath:/templates/ (please add some templates, check your Thymeleaf configuration, or set spring.thymeleaf.check-template-location=false)
2024-11-27T12:55:25.418+09:00  INFO 32100 --- [insurance-service] [main] o.s.b.w.embedded.tomcat.TomcatWebServer  : Tomcat started on port 8080 (http) with context path '/'
2024-11-27T12:55:25.427+09:00  INFO 32100 --- [insurance-service] [main] c.e.i.InsuranceserviceApplication        : Started InsuranceserviceApplication in 9.146 seconds (process running for 10.021)
2024-11-27T12:55:28.124+09:00  INFO 32100 --- [insurance-service] [http-nio-8080-exec-2] o.a.c.c.C.[Tomcat].[localhost].[/]       : Initializing Spring DispatcherServlet 'dispatcherServlet'
2024-11-27T12:55:28.125+09:00  INFO 32100 --- [insurance-service] [http-nio-8080-exec-2] o.s.web.servlet.DispatcherServlet        : Initializing Servlet 'dispatcherServlet'
2024-11-27T12:55:28.126+09:00  INFO 32100 --- [insurance-service] [http-nio-8080-exec-2] o.s.web.servlet.DispatcherServlet        : Completed initialization in 1 ms
